SF:lib\calculator.dart
DA:4,2
DA:5,2
DA:8,0
DA:9,0
DA:12,0
DA:13,0
DA:16,1
DA:17,2
DA:18,1
DA:21,1
DA:22,1
DA:23,2
DA:26,3
LF:13
LH:9
end_of_record
SF:lib\two_digit_operation.dart
DA:5,2
DA:10,2
DA:11,2
DA:19,2
DA:21,2
DA:23,2
DA:25,2
DA:26,2
DA:27,2
DA:28,2
DA:29,2
DA:30,10
DA:35,2
DA:36,4
DA:37,2
DA:41,2
DA:43,2
DA:44,6
DA:48,2
DA:49,2
DA:50,10
DA:54,2
DA:55,4
DA:56,2
DA:62,4
DA:67,2
DA:69,2
DA:70,8
DA:77,2
DA:78,4
DA:79,4
DA:80,2
DA:84,4
DA:85,4
DA:86,2
DA:87,12
DA:89,0
DA:90,0
DA:92,0
DA:93,0
DA:95,0
DA:96,0
LF:42
LH:36
end_of_record
SF:lib\main.dart
DA:5,0
DA:6,0
DA:10,2
DA:13,1
DA:15,1
DA:17,1
DA:33,1
DA:42,1
DA:45,1
DA:46,1
DA:52,1
DA:54,1
DA:55,1
DA:56,3
DA:57,3
DA:59,1
DA:60,1
DA:61,1
DA:63,1
DA:64,1
DA:66,1
DA:69,1
DA:70,1
DA:72,1
DA:73,1
DA:75,1
DA:76,1
LF:27
LH:25
end_of_record
